# JRE version: OpenJDK Runtime Environment (10.0.2+13) (build 10.0.2+13-Ubuntu-1ubuntu0.18.04.1)
# Java VM: OpenJDK 64-Bit Server VM (10.0.2+13-Ubuntu-1ubuntu0.18.04.1, mixed mode, tiered, compressed oops, g1 gc, linux-amd64)
Heap:
 garbage-first heap   total 726016K, used 1355K [0x0000000084e00000, 0x0000000100000000)
  region size 1024K, 0 young (0K), 0 survivors (0K)
 Metaspace       used 8821K, capacity 8984K, committed 9088K, reserved 1056768K
  class space    used 759K, capacity 797K, committed 896K, reserved 1048576K
GC Heap History (10 events):
Event: 1285,602 GC heap after
{Heap after GC invocations=19 (full 0):
 garbage-first heap   total 180224K, used 1355K [0x0000000084e00000, 0x0000000100000000)
  region size 1024K, 0 young (0K), 0 survivors (0K)
 Metaspace       used 8821K, capacity 8984K, committed 9088K, reserved 1056768K
  class space    used 759K, capacity 797K, committed 896K, reserved 1048576K
}
Event: 1285,749 GC heap before
{Heap before GC invocations=19 (full 0):
 garbage-first heap   total 180224K, used 108875K [0x0000000084e00000, 0x0000000100000000)
  region size 1024K, 105 young (107520K), 0 survivors (0K)
 Metaspace       used 8821K, capacity 8984K, committed 9088K, reserved 1056768K
  class space    used 759K, capacity 797K, committed 896K, reserved 1048576K
}
Event: 1285,753 GC heap after
{Heap after GC invocations=20 (full 0):
 garbage-first heap   total 270336K, used 1355K [0x0000000084e00000, 0x0000000100000000)
  region size 1024K, 0 young (0K), 0 survivors (0K)
 Metaspace       used 8821K, capacity 8984K, committed 9088K, reserved 1056768K
  class space    used 759K, capacity 797K, committed 896K, reserved 1048576K
}
Event: 1286,209 GC heap before
{Heap before GC invocations=20 (full 0):
 garbage-first heap   total 270336K, used 163147K [0x0000000084e00000, 0x0000000100000000)
  region size 1024K, 158 young (161792K), 0 survivors (0K)
 Metaspace       used 8821K, capacity 8984K, committed 9088K, reserved 1056768K
  class space    used 759K, capacity 797K, committed 896K, reserved 1048576K
}
Event: 1286,331 GC heap after
{Heap after GC invocations=21 (full 0):
 garbage-first heap   total 270336K, used 1355K [0x0000000084e00000, 0x0000000100000000)
  region size 1024K, 0 young (0K), 0 survivors (0K)
 Metaspace       used 8821K, capacity 8984K, committed 9088K, reserved 1056768K
  class space    used 759K, capacity 797K, committed 896K, reserved 1048576K
}
Event: 1286,808 GC heap before
{Heap before GC invocations=21 (full 0):
 garbage-first heap   total 270336K, used 163147K [0x0000000084e00000, 0x0000000100000000)
  region size 1024K, 158 young (161792K), 0 survivors (0K)
 Metaspace       used 8821K, capacity 8984K, committed 9088K, reserved 1056768K
  class space    used 759K, capacity 797K, committed 896K, reserved 1048576K
}
Event: 1286,942 GC heap after
{Heap after GC invocations=22 (full 0):
 garbage-first heap   total 270336K, used 1355K [0x0000000084e00000, 0x0000000100000000)
  region size 1024K, 0 young (0K), 0 survivors (0K)
 Metaspace       used 8821K, capacity 8984K, committed 9088K, reserved 1056768K
  class space    used 759K, capacity 797K, committed 896K, reserved 1048576K
}
Event: 1287,358 GC heap before
{Heap before GC invocations=22 (full 0):
 garbage-first heap   total 270336K, used 163147K [0x0000000084e00000, 0x0000000100000000)
  region size 1024K, 158 young (161792K), 0 survivors (0K)
 Metaspace       used 8821K, capacity 8984K, committed 9088K, reserved 1056768K
  class space    used 759K, capacity 797K, committed 896K, reserved 1048576K
}
Event: 1287,526 GC heap after
{Heap after GC invocations=23 (full 0):
 garbage-first heap   total 270336K, used 1355K [0x0000000084e00000, 0x0000000100000000)
  region size 1024K, 0 young (0K), 0 survivors (0K)
 Metaspace       used 8821K, capacity 8984K, committed 9088K, reserved 1056768K
  class space    used 759K, capacity 797K, committed 896K, reserved 1048576K
}
Event: 1287,927 GC heap before
{Heap before GC invocations=23 (full 0):
 garbage-first heap   total 270336K, used 163147K [0x0000000084e00000, 0x0000000100000000)
  region size 1024K, 158 young (161792K), 0 survivors (0K)
 Metaspace       used 8821K, capacity 8984K, committed 9088K, reserved 1056768K
  class space    used 759K, capacity 797K, committed 896K, reserved 1048576K
}

